2014-09-18 14:00:53 -0400 https://twitter.com/Natalia_Zozula/status/512662474428919808
2014-09-18 14:10:35 -0400 https://twitter.com/NBA_1World/status/512664764674101249
2014-09-18 15:22:52 -0400 https://twitter.com/WP_Plugin_Host/status/512257196915433472
2014-09-18 15:29:51 -0400 https://twitter.com/simplewordpress/status/512257620271300608
2014-09-18 15:35:13 -0400 https://twitter.com/sahildua2305/status/512685350532022272
2014-09-18 15:37:13 -0400 https://twitter.com/JohnDorsey6/status/512685923847258112
2014-09-18 15:40:12 -0400 https://twitter.com/wordpress_biz/status/512257830003699712
2014-09-18 15:41:51 -0400 https://twitter.com/NBA_D_LEAGUE/status/512687547290361856
2014-09-18 15:45:12 -0400 https://twitter.com/NBA_Links/status/512687097929404416
2014-09-18 15:49:53 -0400 https://twitter.com/HoopsHabit/status/512256496194048001
2014-09-18 16:23:12 -0400 https://twitter.com/blogcontainer/status/512258845780234240
2014-09-18 16:30:51 -0400 https://twitter.com/NBA_D_LEAGUE/status/512256557141078016
2014-09-18 16:41:51 -0400 https://twitter.com/the_elibrarian/status/512702864750153729
2014-09-18 17:21:52 -0400 https://twitter.com/websharer/status/512257629951762432
2014-09-18 17:48:52 -0400 https://twitter.com/Racer_Boy_2014/status/512718944289816576
2014-09-18 17:59:52 -0400 https://twitter.com/SubsolarDesigns/status/512719052909731840
2014-09-18 18:08:51 -0400 https://twitter.com/Wordpresszoom/status/512259154313220098
2014-09-18 18:23:51 -0400 https://twitter.com/basketme/status/512727805574905858
2014-09-18 18:40:52 -0400 https://twitter.com/BestBballSwag/status/512256951741210624
2014-09-18 19:25:51 -0400 https://twitter.com/FranRamzz/status/512743524035338241
2014-09-18 19:37:12 -0400 https://twitter.com/NinaPillard/status/512746999842480128
2014-09-18 19:43:52 -0400 https://twitter.com/Kobes_Lakers/status/512259564670971904
2014-09-18 19:45:52 -0400 https://twitter.com/WP_Themes_4_You/status/512259110054924288
2014-09-18 20:02:52 -0400 https://twitter.com/wordpress_biz/status/512257830003699712
2014-09-18 20:26:51 -0400 https://twitter.com/ThemeClub/status/512257384677646336
2014-09-18 20:32:51 -0400 https://twitter.com/_LA_Lakers_News/status/512760737924513793
2014-09-18 20:45:12 -0400 https://twitter.com/Python_Agent/status/512256951422836736
2014-09-18 20:46:51 -0400 https://twitter.com/fansNYKnicks/status/512763085711360000
2014-09-18 20:48:13 -0400 https://twitter.com/KevinDurantFan5/status/512764090112933888
2014-09-18 21:06:12 -0400 https://twitter.com/MTRRadio/status/512767878643208192
2014-09-18 21:15:13 -0400 https://twitter.com/HoopsKingLV/status/512256808954896384
2014-09-18 21:29:52 -0400 https://twitter.com/peacockvirtual/status/512258503592144897
2014-09-18 21:42:13 -0400 https://twitter.com/AllNetSports/status/512256975766577152
2014-09-18 22:05:52 -0400 https://twitter.com/artwisanggeni/status/512259266560802818
2014-09-18 22:11:51 -0400 https://twitter.com/racingDeveloper/status/512257156457193475
2014-09-18 22:25:52 -0400 https://twitter.com/ganaeuros1/status/512259901297410048
2014-09-18 22:28:13 -0400 https://twitter.com/BestBballSwag/status/512786810389270531
2014-09-18 22:32:13 -0400 https://twitter.com/WP_Speedtipps/status/512259503757459456
2014-09-18 22:42:52 -0400 https://twitter.com/artwisanggeni/status/512790471119089664
2014-09-18 22:48:13 -0400 https://twitter.com/BestBballSwag/status/512256805968166914
2014-09-18 23:01:51 -0400 https://twitter.com/topMavs/status/512796995665137664
2014-09-18 23:11:13 -0400 https://twitter.com/Daddychoc/status/512800538686013440
2014-09-18 23:39:51 -0400 https://twitter.com/topSKings/status/512259762999029760
2014-09-18 23:42:51 -0400 https://twitter.com/Python_Agent/status/512256951422836736
2014-09-18 23:47:52 -0400 https://twitter.com/Jusst_Alonso/status/512806040937578496
2014-09-18 23:54:51 -0400 https://twitter.com/KH_WP_Themes/status/512806967807463426
2014-09-19 00:23:51 -0400 https://twitter.com/artwisanggeni/status/512259277109460992
2014-09-19 00:24:13 -0400 https://twitter.com/ThemeClub/status/512259844934750209
2014-09-19 00:33:52 -0400 https://twitter.com/WP_Tipps/status/512259625090318336
2014-09-19 00:59:13 -0400 https://twitter.com/joenormanwsi/status/512258816860114944
2014-09-19 01:31:52 -0400 https://twitter.com/KH_Themehacks/status/512836324290617344
2014-09-19 01:32:52 -0400 https://twitter.com/WP_Speedtipps/status/512258848544280576
2014-09-19 01:49:52 -0400 https://twitter.com/Clippers_fans10/status/512839394722856960
2014-09-19 01:55:51 -0400 https://twitter.com/wpcourseuk/status/512842255359836160
2014-09-19 02:04:51 -0400 https://twitter.com/blog_zoom/status/512257555884933120
2014-09-19 02:05:51 -0400 https://twitter.com/theghettojoker/status/512842921939197954
2014-09-19 02:16:51 -0400 https://twitter.com/BenniCatura/status/512258172761800704
2014-09-19 02:32:12 -0400 https://twitter.com/cynproa/status/512850365000073217
2014-09-19 02:54:14 -0400 https://twitter.com/NBA_Links/status/512259384701775872
2014-09-19 02:58:12 -0400 https://twitter.com/ChatchTVSports/status/512257977634414592
2014-09-19 03:04:51 -0400 https://twitter.com/TReese82/status/512258183034056704
2014-09-19 03:09:51 -0400 https://twitter.com/new_wp_plugins/status/512859407290347520
2014-09-19 03:34:12 -0400 https://twitter.com/NBA_Sneakers/status/512865019545931781
2014-09-19 03:41:51 -0400 https://twitter.com/HoopsHabit/status/512256496194048001
2014-09-19 03:43:52 -0400 https://twitter.com/blog_zoom/status/512257829018030081
2014-09-19 03:55:51 -0400 https://twitter.com/hideousfish/status/512869798267473920
2014-09-19 04:00:12 -0400 https://twitter.com/BluntWitIt_/status/512259425189765121
2014-09-19 04:16:51 -0400 https://twitter.com/pedrodasilvauk/status/512259709836222465
2014-09-19 04:27:52 -0400 https://twitter.com/WP_Themehost/status/512256399301419008
2014-09-19 04:47:07 -0400 https://twitter.com/debrasimpson/status/512257238527135744
2014-09-19 04:55:07 -0400 https://twitter.com/feeschmidts/status/512886942711566336
2014-09-19 05:09:13 -0400 https://twitter.com/YahooSportsNBA/status/512257831269974016
2014-09-19 05:16:51 -0400 https://twitter.com/palaparon/status/512256847374733312
2014-09-19 05:17:52 -0400 https://twitter.com/ChatchTVSports/status/512257832775737344
2014-09-19 05:41:07 -0400 https://twitter.com/TheDunkest/status/512256550727999488
2014-09-19 05:51:13 -0400 https://twitter.com/TheFirstStep14/status/512258655169695745
2014-09-19 06:37:06 -0400 https://twitter.com/tweezfollower/status/512497987508264960
2014-09-19 06:41:50 -0400 https://twitter.com/BestBballSwag/status/512910286131437568
2014-09-19 07:30:06 -0400 https://twitter.com/ThemeClub/status/512493808861585408
2014-09-19 07:52:06 -0400 https://twitter.com/HybridSinatra/status/512497805802237952
2014-09-19 08:41:06 -0400 https://twitter.com/netizenships/status/512499514335186944
2014-09-19 08:56:06 -0400 https://twitter.com/Social_News_4U/status/512497046520340480
2014-09-19 09:20:06 -0400 https://twitter.com/ThemeClub/status/512498861597028353
2014-09-19 09:53:06 -0400 https://twitter.com/sportparadise/status/512495348372475904
2014-09-19 10:16:07 -0400 https://twitter.com/hostingtalkit/status/512496326962319361
2014-09-19 10:51:07 -0400 https://twitter.com/SportBitNet/status/512975793333366784
2014-09-19 11:00:07 -0400 https://twitter.com/WolvesMinn/status/512525221967183872
2014-09-19 11:06:07 -0400 https://twitter.com/AdamMcCollum/status/512979260068605952
2014-09-19 12:00:08 -0400 https://twitter.com/Wordpress_Agent/status/512992202361171968
2014-09-19 12:39:07 -0400 https://twitter.com/LakersX2/status/512519807158460417
2014-09-19 13:56:07 -0400 https://twitter.com/ThemeClub/status/512521479897227264
2014-09-19 16:05:07 -0400 https://twitter.com/fans_BULLS/status/512520116417101824
2014-09-19 17:13:10 -0400 https://twitter.com/NewYerkPost/status/512794063985053698
2014-09-19 17:24:10 -0400 https://twitter.com/bayuidham/status/512797557185978368
2014-09-19 17:26:10 -0400 https://twitter.com/NormAtNightSXM/status/512797549141323777
2014-09-19 18:15:10 -0400 https://twitter.com/ANM90/status/513085822774427649
2014-09-19 18:35:09 -0400 https://twitter.com/DaveStown/status/512797263488221184
2014-09-19 19:01:11 -0400 https://twitter.com/Rahul_Alim/status/513099961756823552
2014-09-20 04:26:10 -0400 https://twitter.com/basketneldna/status/513240831252520961
2014-09-20 05:14:10 -0400 https://twitter.com/11mMagazin/status/513254512447197184
2014-09-20 06:27:07 -0400 https://twitter.com/IgnoreIntuition/status/512797400792977408
2014-09-20 07:34:08 -0400 https://twitter.com/wpcourseuk/status/513289101001621504
2014-09-20 09:17:10 -0400 https://twitter.com/one_battle/status/512799600403443712
2014-09-20 09:34:07 -0400 https://twitter.com/fmonbillard/status/512797290864447489
2014-09-20 10:48:10 -0400 https://twitter.com/Giovann1z/status/512795914923040768
2014-09-20 11:12:10 -0400 https://twitter.com/BloggerTopTipps/status/512793934360113152
2014-09-20 11:27:10 -0400 https://twitter.com/AussieJam1/status/512793515948908544
2014-09-20 11:46:10 -0400 https://twitter.com/laclipperswin/status/512790722475335680
2014-09-20 12:56:10 -0400 https://twitter.com/doja999/status/512789302766350336
2014-09-20 13:02:10 -0400 https://twitter.com/topLALakers/status/512794539589791744
2014-09-20 13:23:10 -0400 https://twitter.com/netizenships/status/513376095660302336
2014-09-20 14:19:10 -0400 https://twitter.com/fansNYKnicks/status/512800875249553409
2014-09-20 14:36:10 -0400 https://twitter.com/topHornets/status/512789485315047424
2014-09-20 15:03:07 -0400 https://twitter.com/AllNetSports/status/512962504964984832
2014-09-20 17:01:07 -0400 https://twitter.com/TheAnonMessage/status/512968118059409408
2014-09-20 17:02:08 -0400 https://twitter.com/ICloudCenter/status/512964333970923522
2014-09-20 17:26:07 -0400 https://twitter.com/goldminr/status/512966501402701824
2014-09-20 17:28:07 -0400 https://twitter.com/pycoders/status/512966092969754625
2014-09-20 17:50:07 -0400 https://twitter.com/WPThemeInfo/status/512967024356904961
2014-09-20 18:03:07 -0400 https://twitter.com/Tricks2Blogging/status/512964400840327168
2014-09-20 18:23:07 -0400 https://twitter.com/Tricks2Blogging/status/513452586955853825
2014-09-21 03:33:07 -0400 https://twitter.com/NBAJazz_fans/status/513590733132300288
2014-09-21 04:09:07 -0400 https://twitter.com/topSKings/status/512964401608278016
2014-09-21 04:13:07 -0400 https://twitter.com/himanshucs28/status/513599496366743552
2014-09-21 04:31:07 -0400 https://twitter.com/MTRRadio/status/512965615871881217
2014-09-21 05:31:07 -0400 https://twitter.com/SarahM_Godfrey/status/512966968761020416
2014-09-21 05:56:07 -0400 https://twitter.com/TooAthletic/status/512967735501156353
2014-09-21 06:08:07 -0400 https://twitter.com/NBA_D_LEAGUE/status/512966385421393920
2014-09-21 07:05:07 -0400 https://twitter.com/GetAutoTweet/status/512965345540599808
2014-09-21 08:41:06 -0400 https://twitter.com/Knicks_Tickets/status/513668004182106113
2014-09-21 09:16:05 -0400 https://twitter.com/MissNaser/status/513062727087321088
2014-09-21 09:19:06 -0400 https://twitter.com/BestBballSwag/status/513676460620390400
2014-09-21 10:54:25 -0400 https://twitter.com/DunkingWolvesFS/status/513062389596450816
3 2014-09-21 11:18:07 -0400 https://twitter.com/wpcourseuk/status/513708655158775808
3 2014-09-21 11:20:20 -0400 https://twitter.com/creative_punch/status/513063496482033664
2014-09-21 11:30:06 -0400 https://twitter.com/wpcourseuk/status/513710374387212290
2014-09-21 11:42:06 -0400 https://twitter.com/nomadbuzz/status/513713663371657216
2014-09-21 11:52:06 -0400 https://twitter.com/Programming_4U/status/513714977342226432
2014-09-21 12:34:05 -0400 https://twitter.com/MesubenJeemusu/status/513064248688144386
2014-09-21 14:40:06 -0400 https://twitter.com/Levente_Szfarli/status/513062986198827008
2014-09-21 14:49:06 -0400 https://twitter.com/lifeofkaren09/status/513761405271834624
2014-09-21 15:07:07 -0400 https://twitter.com/TheFox21/status/513765121391214593
2014-09-21 15:11:07 -0400 https://twitter.com/WhiteFireDesign/status/513349210738274305
2014-09-21 16:11:07 -0400 https://twitter.com/therealmeaghanm/status/513782401345261568
2014-09-21 16:15:07 -0400 https://twitter.com/SASpurs_fan/status/513346932572717056
2014-09-21 18:33:07 -0400 https://twitter.com/NBA_Links/status/513816855106973696
2014-09-21 18:49:08 -0400 https://twitter.com/Narga/status/513344475620732928
2014-09-22 04:25:07 -0400 https://twitter.com/PATVisionArt/status/513343243778805762
2014-09-22 05:38:07 -0400 https://twitter.com/D_MavericksNews/status/513712911865241601
2014-09-22 05:38:07 -0400 https://twitter.com/Wpfreesetup/status/513718315920154624
2014-09-22 06:27:07 -0400 https://twitter.com/angga_renata/status/513713951138672640
2014-09-22 07:20:07 -0400 https://twitter.com/TheFirstStep14/status/514009350382170113
2014-09-22 08:20:07 -0400 https://twitter.com/TooAthletic/status/513718646490021890
2014-09-22 08:29:07 -0400 https://twitter.com/WPThemeInfo/status/514026445744898048
2014-09-22 08:37:07 -0400 https://twitter.com/getmigrately/status/513715278031896576
2014-09-22 08:52:07 -0400 https://twitter.com/abue543/status/513713484950142976
2014-09-22 10:05:07 -0400 https://twitter.com/ThemeClub/status/513716867731845121
2014-09-22 10:24:07 -0400 https://twitter.com/ImaYoungNigga/status/513718599513833472
2014-09-22 11:13:07 -0400 https://twitter.com/NinaPillard/status/514069350798467072
2014-09-22 12:38:07 -0400 https://twitter.com/WordPress_Girl/status/513716979786870784
2014-09-22 13:15:07 -0400 https://twitter.com/wpcourseuk/status/513713786973220865
2014-09-22 14:04:07 -0400 https://twitter.com/ReviewPlaza/status/513714140016541697
2014-09-22 15:10:07 -0400 https://twitter.com/SirCharlesIC/status/514128618185043968
2014-09-22 15:53:07 -0400 https://twitter.com/1CuriousWriter/status/513716547551240194
2014-09-22 16:06:07 -0400 https://twitter.com/WP_Themepool/status/513713760843083776
2014-09-22 16:28:07 -0400 https://twitter.com/wpcourseuk/status/514147068257259523
2014-09-22 16:50:07 -0400 https://twitter.com/1CuriousWriter/status/513716547551240194
2014-09-22 17:21:07 -0400 https://twitter.com/NuggetsPlus/status/513715224265109504
2014-09-22 17:30:08 -0400 https://twitter.com/HillEmerson/status/514164211560116225
2014-09-22 18:13:07 -0400 https://twitter.com/dibblego/status/514174130237620224
2014-09-22 18:51:07 -0400 https://twitter.com/realbrandonredd/status/514183396579229696
2014-09-23 03:25:07 -0400 https://twitter.com/Lakers_Fans1/status/513716338330574849
2014-09-23 03:41:07 -0400 https://twitter.com/TehLATimes/status/513716679906299904
2014-09-23 03:50:07 -0400 https://twitter.com/tooDOPE90/status/513714520104005632
2014-09-23 04:39:06 -0400 https://twitter.com/ebus_org/status/513716222731382784
2014-09-23 05:27:07 -0400 https://twitter.com/Dreal_mrgold/status/513718209581961216
2014-09-23 07:08:08 -0400 https://twitter.com/GreenhostIt/status/513718767499874304
2014-09-23 08:10:06 -0400 https://twitter.com/AlaskaFrank/status/513713517870854144
2014-09-23 08:48:05 -0400 https://twitter.com/AP_Sports/status/514130285739646978
2014-09-23 10:54:07 -0400 https://twitter.com/ItsR0cky/status/513894028119924737
2014-09-23 11:36:07 -0400 https://twitter.com/cherubimagery/status/513894525304324096
2014-09-23 11:53:07 -0400 https://twitter.com/topHawks/status/513894271892877313
2014-09-23 12:01:07 -0400 https://twitter.com/bigbadchang/status/513891244528132096
2014-09-23 12:02:06 -0400 https://twitter.com/qualitywpt/status/514442734950973440
2014-09-23 12:18:07 -0400 https://twitter.com/piwjob_mobile/status/514447679196102657
2014-09-23 12:18:07 -0400 https://twitter.com/NewOrleans_fans/status/513891349754822656
2014-09-23 12:27:07 -0400 https://twitter.com/BlueprintNMedia/status/514449298025488384
2014-09-23 12:29:07 -0400 https://twitter.com/netizenships/status/513890020990525440
2014-09-23 12:58:07 -0400 https://twitter.com/blazerspress/status/514458524638666752
2014-09-23 13:01:07 -0400 https://twitter.com/P_V_Solutions/status/513891719189131265
2014-09-23 13:45:07 -0400 https://twitter.com/artwisanggeni/status/514469518618284033
2014-09-23 15:25:07 -0400 https://twitter.com/jono_mooney123/status/514129282566979584
2014-09-23 15:40:07 -0400 https://twitter.com/Lakers_fans10/status/514128120811888641
2014-09-23 15:47:07 -0400 https://twitter.com/iamalquarles/status/514500752166092800
2014-09-23 17:09:07 -0400 https://twitter.com/NarenP3/status/514128421132062720
2014-09-24 03:58:07 -0400 https://twitter.com/wpcourseuk/status/514129691180285953
2014-09-24 04:21:06 -0400 https://twitter.com/TheFirstStep14/status/514690085816516609
2014-09-24 05:52:06 -0400 https://twitter.com/TheFirstStep14/status/514711903315034112
2014-09-24 05:53:06 -0400 https://twitter.com/themify_cloud/status/514713852412313600
2014-09-24 05:57:06 -0400 https://twitter.com/wpcourseuk/status/514130149554794497
2014-09-24 06:24:07 -0400 https://twitter.com/PhoenixSuns10/status/514720343140106240
2014-09-24 07:16:08 -0400 https://twitter.com/PUSHstrength/status/514459218318213120
2014-09-24 07:48:08 -0400 https://twitter.com/tofrantic/status/514457486779514880
2014-09-24 08:15:08 -0400 https://twitter.com/pagelakerslos/status/514472209788968961
2014-09-24 09:47:08 -0400 https://twitter.com/warriorstown/status/514470802234671104
2014-09-24 10:20:08 -0400 https://twitter.com/shadabhusain786/status/514466458748076032
2014-09-24 10:47:08 -0400 https://twitter.com/GreenhostIt/status/514470468225859584
2014-09-24 12:31:08 -0400 https://twitter.com/iamalquarles/status/514469732402356224
2014-09-24 12:36:08 -0400 https://twitter.com/WPThemeInfo/status/514467097989378048
2014-09-24 13:36:07 -0400 https://twitter.com/WordPress_Pool/status/514466023698087937
2014-09-24 15:06:08 -0400 https://twitter.com/MavsPlus/status/514467967300800512
2014-09-24 15:49:08 -0400 https://twitter.com/ICloudCenter/status/514470508843532289
2014-09-24 16:29:08 -0400 https://twitter.com/ReadersMagazine/status/514873937864695809
2014-09-24 16:53:08 -0400 https://twitter.com/TheInscriberMag/status/514879230388477953
2014-09-24 17:05:08 -0400 https://twitter.com/Python_Agent/status/514881668549988352
2014-09-24 17:52:07 -0400 https://twitter.com/5mag/status/514466684929720321
2014-09-24 18:35:04 -0400 https://twitter.com/ljay82/status/514719648093175809
2014-09-24 18:37:05 -0400 https://twitter.com/OK_Thunder_News/status/514904550449242112
2014-09-24 19:05:05 -0400 https://twitter.com/BBall_Nets_News/status/514912563922866176
2014-09-25 03:30:06 -0400 https://twitter.com/juzer_ali/status/514718349712822273
2014-09-25 03:37:06 -0400 https://twitter.com/ali7amdi/status/515040812917612544
2014-09-25 03:52:05 -0400 https://twitter.com/jainsudhir/status/515045805548265472
2014-09-25 04:06:05 -0400 https://twitter.com/_themifycloud/status/514718877507256320
2014-09-25 04:16:06 -0400 https://twitter.com/MisterCh0c/status/515049363694178304
2014-09-25 07:31:06 -0400 https://twitter.com/jmorganteen/status/515099404622368768
2014-09-25 07:56:06 -0400 https://twitter.com/ZaideJmsPtrck/status/514719578874593280
2014-09-25 07:56:06 -0400 https://twitter.com/_themifycloud/status/514718332314861568
2014-09-25 08:04:06 -0400 https://twitter.com/_TheNBATimes/status/515106553620623360
2014-09-25 08:35:05 -0400 https://twitter.com/topSKings/status/515116119720722432
2014-09-25 08:56:07 -0400 https://twitter.com/Tricks2Blogging/status/515121100309528577
2014-09-25 09:55:06 -0400 https://twitter.com/bullpenal1963/status/515136056602427392
2014-09-25 10:09:05 -0400 https://twitter.com/pycoders/status/515140490048831489
2014-09-25 12:08:06 -0400 https://twitter.com/wpcourseuk/status/514719389212737536
2014-09-25 12:23:06 -0400 https://twitter.com/eStudioWerk/status/515173386687770624
2014-09-25 12:54:05 -0400 https://twitter.com/InfinitiPicks/status/515180279993208832
2014-09-25 14:51:06 -0400 https://twitter.com/_themifycloud/status/514719293775179776
2014-09-25 15:13:05 -0400 https://twitter.com/radhikaostny/status/515216261031411712
2014-09-25 15:20:06 -0400 https://twitter.com/_themifycloud/status/514719792184320000
2014-09-25 15:22:05 -0400 https://twitter.com/WordPress_RD/status/514717995445141505
2014-09-25 15:47:05 -0400 https://twitter.com/ABetterPlanetWP/status/515225123452760064
2014-09-25 16:24:05 -0400 https://twitter.com/NBA_Links/status/515234101301747713
2014-09-25 18:00:09 -0400 https://twitter.com/WebDesignLance/status/514740747061321728
2014-09-25 18:12:08 -0400 https://twitter.com/WP_Plugin_Host/status/514740964095975424
2014-09-26 03:19:09 -0400 https://twitter.com/SportBitNet/status/514895083997380608
2014-09-26 04:59:09 -0400 https://twitter.com/samyOneKenobi/status/514890520276254720
2014-09-26 05:45:09 -0400 https://twitter.com/Merkadologa/status/514893192106233857
2014-09-26 05:56:09 -0400 https://twitter.com/WPThemeInfo/status/515438244570611712
2014-09-26 06:34:09 -0400 https://twitter.com/topSuns/status/515448240045842432
2014-09-26 06:40:09 -0400 https://twitter.com/RichardSabrina8/status/514891992267231232
2014-09-26 06:48:09 -0400 https://twitter.com/JengLoly/status/514891372310966272
2014-09-26 07:16:09 -0400 https://twitter.com/GooPlusCircles/status/515458564752936960
2014-09-26 07:54:08 -0400 https://twitter.com/TheFirstStep14/status/514890652417409025
2014-09-26 09:55:09 -0400 https://twitter.com/PTBlazersfan/status/514892055328600064
2014-09-26 11:23:09 -0400 https://twitter.com/fighthits/status/514895883016871936
2014-09-26 12:58:08 -0400 https://twitter.com/rogeriomasterwd/status/514891561474469888
