2014-09-21 11:30:07 -0400 481
2014-09-21 11:42:07 -0400 481
2014-09-21 11:52:06 -0400 481
2014-09-21 12:34:06 -0400 481
2014-09-21 14:40:06 -0400 480
2014-09-21 14:49:07 -0400 480
2014-09-21 15:07:08 -0400 480
2014-09-21 15:11:08 -0400 480
2014-09-21 16:11:08 -0400 480
2014-09-21 16:15:08 -0400 480
2014-09-21 18:33:08 -0400 480
2014-09-21 18:49:08 -0400 480
2014-09-22 04:25:07 -0400 480
2014-09-22 05:38:08 -0400 480
2014-09-22 05:38:08 -0400 480
2014-09-22 06:27:08 -0400 480
2014-09-22 07:20:08 -0400 480
2014-09-22 08:20:08 -0400 480
2014-09-22 08:29:08 -0400 480
2014-09-22 08:37:08 -0400 480
2014-09-22 08:52:08 -0400 480
2014-09-22 10:05:08 -0400 481
2014-09-22 10:24:08 -0400 481
2014-09-22 11:13:08 -0400 481
2014-09-22 12:38:08 -0400 481
2014-09-22 13:15:08 -0400 482
2014-09-22 14:04:07 -0400 482
2014-09-22 15:10:07 -0400 482
2014-09-22 15:53:08 -0400 482
2014-09-22 16:06:07 -0400 482
2014-09-22 16:28:07 -0400 482
2014-09-22 16:50:08 -0400 483
2014-09-22 17:21:08 -0400 483
2014-09-22 17:30:08 -0400 483
2014-09-22 18:13:07 -0400 483
2014-09-22 18:51:08 -0400 483
2014-09-23 03:25:07 -0400 483
2014-09-23 03:41:07 -0400 483
2014-09-23 03:50:08 -0400 483
2014-09-23 04:39:07 -0400 483
2014-09-23 05:27:08 -0400 483
2014-09-23 07:08:08 -0400 483
2014-09-23 08:10:07 -0400 483
2014-09-23 08:48:06 -0400 483
2014-09-23 10:54:08 -0400 483
2014-09-23 11:36:08 -0400 483
2014-09-23 11:53:07 -0400 483
2014-09-23 12:01:08 -0400 483
2014-09-23 12:02:07 -0400 483
2014-09-23 12:18:08 -0400 483
2014-09-23 12:18:08 -0400 483
2014-09-23 12:27:07 -0400 483
2014-09-23 12:29:07 -0400 483
2014-09-23 12:58:08 -0400 483
2014-09-23 13:01:07 -0400 483
2014-09-23 13:45:08 -0400 483
2014-09-23 15:25:08 -0400 483
2014-09-23 15:40:08 -0400 483
2014-09-23 15:47:08 -0400 483
2014-09-23 17:09:08 -0400 483
2014-09-24 03:58:07 -0400 482
2014-09-24 04:21:07 -0400 482
2014-09-24 05:52:07 -0400 482
2014-09-24 05:53:07 -0400 482
2014-09-24 05:57:07 -0400 482
2014-09-24 06:24:08 -0400 482
2014-09-24 07:16:09 -0400 482
2014-09-24 07:48:08 -0400 482
2014-09-24 08:15:09 -0400 482
2014-09-24 09:47:09 -0400 482
2014-09-24 10:20:09 -0400 482
2014-09-24 10:47:08 -0400 482
2014-09-24 12:31:09 -0400 482
2014-09-24 12:36:09 -0400 482
2014-09-24 13:36:08 -0400 482
2014-09-24 15:06:08 -0400 482
2014-09-24 15:49:09 -0400 482
2014-09-24 16:29:09 -0400 482
2014-09-24 16:53:09 -0400 482
2014-09-24 17:05:09 -0400 483
2014-09-24 17:52:08 -0400 483
2014-09-24 18:35:05 -0400 483
2014-09-24 18:37:05 -0400 483
2014-09-24 19:05:06 -0400 483
2014-09-25 03:30:06 -0400 483
2014-09-25 03:37:06 -0400 483
2014-09-25 03:52:06 -0400 483
2014-09-25 04:06:06 -0400 483
2014-09-25 04:16:06 -0400 483
2014-09-25 07:31:07 -0400 483
2014-09-25 07:56:07 -0400 483
2014-09-25 07:56:07 -0400 483
2014-09-25 08:04:06 -0400 483
2014-09-25 08:35:06 -0400 483
2014-09-25 08:56:07 -0400 483
2014-09-25 09:55:07 -0400 483
2014-09-25 10:09:06 -0400 483
2014-09-25 12:08:07 -0400 483
2014-09-25 12:23:06 -0400 483
2014-09-25 12:54:06 -0400 483
2014-09-25 14:51:06 -0400 483
2014-09-25 15:13:06 -0400 483
2014-09-25 15:20:06 -0400 483
2014-09-25 15:22:06 -0400 483
2014-09-25 15:47:06 -0400 483
2014-09-25 16:24:06 -0400 483
2014-09-25 18:00:10 -0400 484
2014-09-25 18:12:09 -0400 485
2014-09-26 03:19:10 -0400 486
2014-09-26 04:59:09 -0400 486
2014-09-26 05:45:10 -0400 486
2014-09-26 05:56:10 -0400 486
2014-09-26 06:34:10 -0400 486
2014-09-26 06:40:09 -0400 486
2014-09-26 06:48:09 -0400 486
2014-09-26 07:16:10 -0400 486
2014-09-26 07:54:09 -0400 486
2014-09-26 09:55:10 -0400 486
2014-09-26 11:23:10 -0400 486
2014-09-26 12:58:09 -0400 485
